<?xml version="1.0" encoding="UTF-8"?>
<testsuite xmlns:xsi="http://www.w3.org/2001/XMLSchema-instance" xsi:noNamespaceSchemaLocation="https://maven.apache.org/surefire/maven-surefire-plugin/xsd/surefire-test-report.xsd" name="com.project1.dao.UserDAOImplTest" time="9.783" tests="6" errors="0" skipped="0" failures="0">
  <properties>
[...]
</properties>
  <testcase name="a_addUser" classname="com.project1.dao.UserDAOImplTest" time="4.829"/>
  <testcase name="b_getUserByUserName" classname="com.project1.dao.UserDAOImplTest" time="2.191"/>
  <testcase name="c_getUserById" classname="com.project1.dao.UserDAOImplTest" time="0.399"/>
  <testcase name="d_getAllEmployees" classname="com.project1.dao.UserDAOImplTest" time="0.875"/>
  <testcase name="f_LoginServletTest" classname="com.project1.dao.UserDAOImplTest" time="0.834"/>
  <testcase name="g_CreateReimbursementTest" classname="com.project1.dao.UserDAOImplTest" time="0.475"/>
</testsuite>